2019-02-22 23:23:42 INFO  HomePageSearchTest:22 - ###Search Button Test Start####
2019-02-22 23:23:42 INFO  HomePage:27 - Search Button Is Displayed[[ChromeDriver: chrome on MAC (d4a692999917f906465bb7715aead173)] -> xpath: html/body/div[1]/div[1]/header/div[3]/div/div/div[2]/form/input[4]]
2019-02-22 23:23:42 INFO  HomePage:27 - Search Button Is Displayed[[ChromeDriver: chrome on MAC (d4a692999917f906465bb7715aead173)] -> xpath: html/body/div[1]/div[1]/header/div[3]/div/div/div[2]/form/input[4]]
2019-02-22 23:23:42 INFO  HomePageSearchTest:26 - ###Search Button Test Finish####
2019-02-23 00:31:30 INFO  Catalog:21 - ###VerifyCatalogDressSelectable Test Start####
2019-02-23 00:31:48 INFO  Catalog:21 - ###VerifyCatalogDressSelectable Test Start####
2019-03-09 09:12:37 INFO  Catalog:21 - ###VerifyCatalogDressSelectable Test Start####
2019-03-09 09:23:18 INFO  Catalog:21 - ###VerifyCatalogDressSelectable Test Start####
2019-03-09 09:25:45 INFO  Catalog:21 - ###VerifyCatalogDressSelectable Test Start####
2019-03-09 09:25:48 INFO  Catalog:24 - ###VerifyCatalogDressSelectable Test Finish####
2019-03-09 09:51:31 INFO  HomePageSearchTest:23 - ###Search Button Test Start####
2019-03-09 09:51:31 INFO  HomePage:29 - Search Button Is Displayed[[ChromeDriver: chrome on MAC (e121553278cf2d433fc660777175f028)] -> xpath: html/body/div[1]/div[1]/header/div[3]/div/div/div[2]/form/input[4]]
2019-03-09 09:51:31 INFO  HomePage:29 - Search Button Is Displayed[[ChromeDriver: chrome on MAC (e121553278cf2d433fc660777175f028)] -> xpath: html/body/div[1]/div[1]/header/div[3]/div/div/div[2]/form/input[4]]
2019-03-09 09:51:31 INFO  HomePageSearchTest:27 - ###Search Button Test Finish####
2019-03-09 10:11:21 INFO  HomePageSearchTest:23 - ###Search Button Test Start####
2019-03-09 10:11:22 INFO  HomePage:33 - Search Button Is Not DisplayedProxy element for: DefaultElementLocator 'By.xpath: html/body/div[1]/div[1]/header/div[3]/div/div/div[2]/formbjvjhd'
2019-03-09 10:11:22 INFO  HomePage:33 - Search Button Is Not DisplayedProxy element for: DefaultElementLocator 'By.xpath: html/body/div[1]/div[1]/header/div[3]/div/div/div[2]/formbjvjhd'
2019-03-09 10:11:22 INFO  HomePageSearchTest:26 - Home Page search button:mfalse
2019-03-09 10:11:22 INFO  HomePage:33 - Search Button Is Not DisplayedProxy element for: DefaultElementLocator 'By.xpath: html/body/div[1]/div[1]/header/div[3]/div/div/div[2]/formbjvjhd'
2019-03-09 10:18:33 INFO  Catalog:21 - ###VerifyCatalogDressSelectable Test Start####
2019-03-09 10:18:36 INFO  Catalog:24 - ###VerifyCatalogDressSelectable Test Finish####
2019-03-09 10:19:09 INFO  Catalog:21 - ###VerifyCatalogDressSelectable Test Start####
2019-03-09 10:19:13 INFO  Catalog:24 - ###VerifyCatalogDressSelectable Test Finish####
2019-03-09 10:20:57 INFO  Catalog:29 - ###VerifyCatalogDressSelectable Test Start####
2019-03-09 10:21:01 INFO  Catalog:32 - ###VerifyCatalogDressSelectable Test Finish####
2019-03-09 10:21:01 INFO  Catalog:21 - ###VerifyCatalogDressSelectable Test Start####
2019-03-09 10:21:04 INFO  Catalog:24 - ###VerifyCatalogDressSelectable Test Finish####
2019-03-09 10:22:25 INFO  Catalog:21 - ###VerifyCatalogDressSelectable Test Start####
2019-03-09 10:22:28 INFO  Catalog:24 - ###VerifyCatalogDressSelectable Test Finish####
2019-03-09 10:22:44 INFO  Catalog:29 - ###VerifyCatalogDressSelectable Test Start####
2019-03-09 10:22:48 INFO  Catalog:32 - ###VerifyCatalogDressSelectable Test Finish####
2019-03-09 10:22:48 INFO  Catalog:37 - ###VerifyCatalogDressSelectable Test Start####
2019-03-09 10:22:51 INFO  Catalog:40 - ###VerifyCatalogDressSelectable Test Finish####
2019-03-09 10:22:51 INFO  Catalog:21 - ###VerifyCatalogDressSelectable Test Start####
2019-03-09 10:22:54 INFO  Catalog:24 - ###VerifyCatalogDressSelectable Test Finish####
2019-03-09 11:41:47 INFO  Catalog:29 - ###VerifyCatalogDressSelectable Test Start####
2019-03-09 11:41:49 INFO  Catalog:32 - ###VerifyCatalogDressSelectable Test Finish####
2019-03-09 11:41:49 INFO  Catalog:37 - ###VerifyCatalogDressSelectable Test Start####
2019-03-09 11:41:49 INFO  Catalog:21 - ###VerifyCatalogDressSelectable Test Start####
2019-03-09 11:41:52 INFO  Catalog:24 - ###VerifyCatalogDressSelectable Test Finish####
2019-03-09 11:41:52 INFO  Catalog:44 - ###VerifyCatalogWomenSelectable Test Start
2019-03-09 11:43:35 INFO  Catalog:21 - ###VerifyCatalogDressSelectable Test Start####
2019-03-09 11:43:37 INFO  Catalog:24 - ###VerifyCatalogDressSelectable Test Finish####
2019-03-09 11:43:37 INFO  Catalog:29 - ###VerifyCatalogDressSelectable Test Start####
2019-03-09 11:43:40 INFO  Catalog:32 - ###VerifyCatalogDressSelectable Test Finish####
2019-03-09 11:43:40 INFO  Catalog:37 - ###VerifyCatalogDressSelectable Test Start####
2019-03-09 11:43:40 INFO  Catalog:44 - ###VerifyCatalogWomenSelectable Test Start
2019-03-09 11:47:21 INFO  CatalogTest:20 - ###VerifyCatalogDressSelectable Test Start####
2019-03-09 11:47:23 INFO  CatalogTest:23 - ###VerifyCatalogDressSelectable Test Finish####
2019-03-09 11:47:23 INFO  CatalogTest:28 - ###VerifyCatalogDressSelectable Test Start####
2019-03-09 11:47:26 INFO  CatalogTest:31 - ###VerifyCatalogDressSelectable Test Finish####
2019-03-09 11:47:26 INFO  CatalogTest:36 - ###VerifyCatalogDressSelectable Test Start####
2019-03-09 11:47:31 INFO  CatalogTest:39 - ###VerifyCatalogDressSelectable Test Finish####
2019-03-09 11:47:31 INFO  CatalogTest:43 - ###VerifyCatalogWomenSelectable Test Start
2019-03-09 11:55:59 INFO  CatalogTest:43 - ###VerifyCatalogWomenSelectable Test Start
2019-03-09 12:09:33 INFO  CatalogTest:20 - ###VerifyCatalogDressSelectable Test Start####
2019-03-09 12:09:36 INFO  CatalogTest:23 - ###VerifyCatalogDressSelectable Test Finish####
2019-03-09 12:09:36 INFO  CatalogTest:28 - ###VerifyCatalogDressSelectable Test Start####
2019-03-09 12:09:38 INFO  CatalogTest:31 - ###VerifyCatalogDressSelectable Test Finish####
2019-03-09 12:09:38 INFO  CatalogTest:36 - ###VerifyCatalogDressSelectable Test Start####
2019-03-09 12:09:41 INFO  CatalogTest:43 - ###VerifyCatalogWomenSelectable Test Start
2019-03-09 12:13:18 INFO  CatalogTest:20 - ###VerifyCatalogDressSelectable Test Start####
2019-03-09 12:13:21 INFO  CatalogTest:23 - ###VerifyCatalogDressSelectable Test Finish####
2019-03-09 12:13:21 INFO  CatalogTest:28 - ###VerifyCatalogDressSelectable Test Start####
2019-03-09 12:13:23 INFO  CatalogTest:31 - ###VerifyCatalogDressSelectable Test Finish####
2019-03-09 12:13:23 INFO  CatalogTest:36 - ###VerifyCatalogDressSelectable Test Start####
2019-03-09 12:13:26 INFO  CatalogTest:43 - ###VerifyCatalogWomenSelectable Test Start
2019-03-09 12:16:14 INFO  CatalogTest:20 - ###VerifyCatalogDressSelectable Test Start####
2019-03-09 12:16:17 INFO  CatalogTest:23 - ###VerifyCatalogDressSelectable Test Finish####
2019-03-09 12:16:17 INFO  CatalogTest:28 - ###VerifyCatalogDressSelectable Test Start####
2019-03-09 12:16:19 INFO  CatalogTest:31 - ###VerifyCatalogDressSelectable Test Finish####
2019-03-09 12:16:19 INFO  CatalogTest:36 - ###VerifyCatalogDressSelectable Test Start####
2019-03-09 12:16:22 INFO  CatalogTest:43 - ###VerifyCatalogWomenSelectable Test Start
2019-03-09 12:21:13 INFO  CatalogTest:20 - ###VerifyCatalogDressSelectable Test Start####
2019-03-09 12:21:17 INFO  CatalogTest:23 - ###VerifyCatalogDressSelectable Test Finish####
2019-03-09 12:21:17 INFO  CatalogTest:28 - ###VerifyCatalogDressSelectable Test Start####
2019-03-09 12:21:19 INFO  CatalogTest:31 - ###VerifyCatalogDressSelectable Test Finish####
2019-03-09 12:21:19 INFO  CatalogTest:36 - ###VerifyCatalogDressSelectable Test Start####
2019-03-09 12:21:22 INFO  CatalogTest:43 - ###VerifyCatalogWomenSelectable Test Start
2019-03-09 12:23:28 INFO  CatalogTest:20 - ###VerifyCatalogDressSelectable Test Start####
2019-03-09 12:23:29 INFO  CatalogTest:28 - ###VerifyCatalogDressSelectable Test Start####
2019-03-09 12:23:31 INFO  CatalogTest:31 - ###VerifyCatalogDressSelectable Test Finish####
2019-03-09 12:23:31 INFO  CatalogTest:36 - ###VerifyCatalogDressSelectable Test Start####
2019-03-09 12:23:34 INFO  CatalogTest:43 - ###VerifyCatalogWomenSelectable Test Start
2019-03-09 12:24:46 INFO  CatalogTest:20 - ###VerifyCatalogDressSelectable Test Start####
2019-03-09 12:24:49 INFO  CatalogTest:23 - ###VerifyCatalogDressSelectable Test Finish####
2019-03-09 12:24:49 INFO  CatalogTest:28 - ###VerifyCatalogDressSelectable Test Start####
2019-03-09 12:24:51 INFO  CatalogTest:31 - ###VerifyCatalogDressSelectable Test Finish####
2019-03-09 12:24:51 INFO  CatalogTest:36 - ###VerifyCatalogDressSelectable Test Start####
2019-03-09 12:24:54 INFO  CatalogTest:43 - ###VerifyCatalogWomenSelectable Test Start
2019-03-09 12:27:40 INFO  CatalogTest:20 - ###VerifyCatalogDressSelectable Test Start####
2019-03-09 12:27:42 INFO  CatalogTest:23 - ###VerifyCatalogDressSelectable Test Finish####
2019-03-09 12:27:42 INFO  CatalogTest:28 - ###VerifyCatalogDressSelectable Test Start####
2019-03-09 12:27:44 INFO  CatalogTest:31 - ###VerifyCatalogDressSelectable Test Finish####
2019-03-09 12:27:44 INFO  CatalogTest:36 - ###VerifyCatalogDressSelectable Test Start####
2019-03-09 12:27:47 INFO  CatalogTest:43 - ###VerifyCatalogWomenSelectable Test Start
2019-03-09 12:31:29 INFO  CatalogTest:20 - ###VerifyCatalogDressSelectable Test Start####
2019-03-09 12:31:32 INFO  CatalogTest:23 - ###VerifyCatalogDressSelectable Test Finish####
2019-03-09 12:31:32 INFO  CatalogTest:28 - ###VerifyCatalogDressSelectable Test Start####
2019-03-09 12:31:34 INFO  CatalogTest:31 - ###VerifyCatalogDressSelectable Test Finish####
2019-03-09 12:31:34 INFO  CatalogTest:36 - ###VerifyCatalogDressSelectable Test Start####
2019-03-09 12:31:37 INFO  CatalogTest:43 - ###VerifyCatalogWomenSelectable Test Start
2019-03-09 12:34:05 INFO  CatalogTest:20 - ###VerifyCatalogDressSelectable Test Start####
2019-03-09 12:34:08 INFO  CatalogTest:23 - ###VerifyCatalogDressSelectable Test Finish####
2019-03-09 12:34:08 INFO  CatalogTest:28 - ###VerifyCatalogDressSelectable Test Start####
2019-03-09 12:34:10 INFO  CatalogTest:31 - ###VerifyCatalogDressSelectable Test Finish####
2019-03-09 12:34:10 INFO  CatalogTest:36 - ###VerifyCatalogDressSelectable Test Start####
2019-03-09 12:34:13 INFO  CatalogTest:43 - ###VerifyCatalogWomenSelectable Test Start
2019-03-09 12:35:19 INFO  CatalogTest:20 - ###VerifyCatalogDressSelectable Test Start####
2019-03-09 12:35:21 INFO  CatalogTest:23 - ###VerifyCatalogDressSelectable Test Finish####
2019-03-09 12:35:21 INFO  CatalogTest:28 - ###VerifyCatalogDressSelectable Test Start####
2019-03-09 12:35:24 INFO  CatalogTest:31 - ###VerifyCatalogDressSelectable Test Finish####
2019-03-09 12:35:24 INFO  CatalogTest:36 - ###VerifyCatalogDressSelectable Test Start####
2019-03-09 12:35:25 INFO  CatalogTest:43 - ###VerifyCatalogWomenSelectable Test Start
2019-03-09 12:42:35 INFO  CatalogTest:20 - ###VerifyCatalogDressSelectable Test Start####
2019-03-09 12:42:38 INFO  CatalogTest:23 - ###VerifyCatalogDressSelectable Test Finish####
2019-03-09 12:42:38 INFO  CatalogTest:28 - ###VerifyCatalogDressSelectable Test Start####
2019-03-09 12:42:40 INFO  CatalogTest:31 - ###VerifyCatalogDressSelectable Test Finish####
2019-03-09 12:42:40 INFO  CatalogTest:36 - ###VerifyCatalogDressSelectable Test Start####
2019-03-09 12:42:41 INFO  CatalogTest:43 - ###VerifyCatalogWomenSelectable Test Start
